Iniciando cron job..
test 1 - 390420269
test 2 - 390420270
test 3 - 390420271
miau - 390420272
guau - 390420273
Finalizando cron job
Iniciando cron job..
Finalizando cron job
Iniciando cron job..
a ver a ver a ver - 390420274
Finalizando cron job
Iniciando cron job..
Finalizando cron job
Iniciando cron job..
wow - 390420275
funciona - 390420276
no - 390420277
me - 390420278
Finalizando cron job
Iniciando cron job..
Finalizando cron job
Iniciando cron job..
lo - 390420279
creooo - 390420280
Finalizando cron job
Iniciando cron job..
Finalizando cron job
Iniciando cron job..
Finalizando cron job
Iniciando cron job..
Finalizando cron job
Iniciando cron job..
Finalizando cron job
Iniciando cron job..
Finalizando cron job
Iniciando cron job..
Finalizando cron job
Iniciando cron job..
Finalizando cron job
Iniciando cron job..
Finalizando cron job
Iniciando cron job..
Finalizando cron job
Iniciando cron job..
Finalizando cron job
Iniciando cron job..
Finalizando cron job
Iniciando cron job..
Finalizando cron job
Iniciando cron job..
Finalizando cron job
Iniciando cron job..
Finalizando cron job
Iniciando cron job..
Finalizando cron job
Iniciando cron job..
Finalizando cron job
Iniciando cron job..
Finalizando cron job
Iniciando cron job..
Finalizando cron job
Iniciando cron job..
Finalizando cron job
Iniciando cron job..
Finalizando cron job
Iniciando cron job..
Finalizando cron job
Iniciando cron job..
Finalizando cron job
Iniciando cron job..
Finalizando cron job
Iniciando cron job..
Finalizando cron job
Iniciando cron job..
Finalizando cron job
Iniciando cron job..
Finalizando cron job
Iniciando cron job..
Finalizando cron job
System check identified some issues:

WARNINGS:
?: (urls.W002) Your URL pattern '/' [name='index'] has a route beginning with a '/'. Remove this slash as it is unnecessary. If this pattern is targeted in an include(), ensure the include() pattern has a trailing '/'.
perejil!!! - 390420281
A por uvas - 390420282
buuuuh - 390420283
